  RectCollider.cpp
C:\Users\임성훈\Documents\GitHub\first_1\WINAPI_SH\WINAPI_SH\Object\RectCollider.cpp(77,41): warning C4244: '인수': 'int'에서 'const T'(으)로 변환하면서 데이터가 손실될 수 있습니다.
C:\Users\임성훈\Documents\GitHub\first_1\WINAPI_SH\WINAPI_SH\Object\RectCollider.cpp(77,41): warning C4244:         with
C:\Users\임성훈\Documents\GitHub\first_1\WINAPI_SH\WINAPI_SH\Object\RectCollider.cpp(77,41): warning C4244:         [
C:\Users\임성훈\Documents\GitHub\first_1\WINAPI_SH\WINAPI_SH\Object\RectCollider.cpp(77,41): warning C4244:             T=float
C:\Users\임성훈\Documents\GitHub\first_1\WINAPI_SH\WINAPI_SH\Object\RectCollider.cpp(77,41): warning C4244:         ]
C:\Users\임성훈\Documents\GitHub\first_1\WINAPI_SH\WINAPI_SH\Object\RectCollider.cpp(77,34): warning C4244: '인수': 'int'에서 'const T'(으)로 변환하면서 데이터가 손실될 수 있습니다.
C:\Users\임성훈\Documents\GitHub\first_1\WINAPI_SH\WINAPI_SH\Object\RectCollider.cpp(77,34): warning C4244:         with
C:\Users\임성훈\Documents\GitHub\first_1\WINAPI_SH\WINAPI_SH\Object\RectCollider.cpp(77,34): warning C4244:         [
C:\Users\임성훈\Documents\GitHub\first_1\WINAPI_SH\WINAPI_SH\Object\RectCollider.cpp(77,34): warning C4244:             T=float
C:\Users\임성훈\Documents\GitHub\first_1\WINAPI_SH\WINAPI_SH\Object\RectCollider.cpp(77,34): warning C4244:         ]
C:\Users\임성훈\Documents\GitHub\first_1\WINAPI_SH\WINAPI_SH\Object\RectCollider.cpp(78,43): warning C4244: '인수': 'int'에서 'const T'(으)로 변환하면서 데이터가 손실될 수 있습니다.
C:\Users\임성훈\Documents\GitHub\first_1\WINAPI_SH\WINAPI_SH\Object\RectCollider.cpp(78,43): warning C4244:         with
C:\Users\임성훈\Documents\GitHub\first_1\WINAPI_SH\WINAPI_SH\Object\RectCollider.cpp(78,43): warning C4244:         [
C:\Users\임성훈\Documents\GitHub\first_1\WINAPI_SH\WINAPI_SH\Object\RectCollider.cpp(78,43): warning C4244:             T=float
C:\Users\임성훈\Documents\GitHub\first_1\WINAPI_SH\WINAPI_SH\Object\RectCollider.cpp(78,43): warning C4244:         ]
C:\Users\임성훈\Documents\GitHub\first_1\WINAPI_SH\WINAPI_SH\Object\RectCollider.cpp(78,36): warning C4244: '인수': 'int'에서 'const T'(으)로 변환하면서 데이터가 손실될 수 있습니다.
C:\Users\임성훈\Documents\GitHub\first_1\WINAPI_SH\WINAPI_SH\Object\RectCollider.cpp(78,36): warning C4244:         with
C:\Users\임성훈\Documents\GitHub\first_1\WINAPI_SH\WINAPI_SH\Object\RectCollider.cpp(78,36): warning C4244:         [
C:\Users\임성훈\Documents\GitHub\first_1\WINAPI_SH\WINAPI_SH\Object\RectCollider.cpp(78,36): warning C4244:             T=float
C:\Users\임성훈\Documents\GitHub\first_1\WINAPI_SH\WINAPI_SH\Object\RectCollider.cpp(78,36): warning C4244:         ]
C:\Users\임성훈\Documents\GitHub\first_1\WINAPI_SH\WINAPI_SH\Object\RectCollider.cpp(79,47): warning C4244: '인수': 'int'에서 'const T'(으)로 변환하면서 데이터가 손실될 수 있습니다.
C:\Users\임성훈\Documents\GitHub\first_1\WINAPI_SH\WINAPI_SH\Object\RectCollider.cpp(79,47): warning C4244:         with
C:\Users\임성훈\Documents\GitHub\first_1\WINAPI_SH\WINAPI_SH\Object\RectCollider.cpp(79,47): warning C4244:         [
C:\Users\임성훈\Documents\GitHub\first_1\WINAPI_SH\WINAPI_SH\Object\RectCollider.cpp(79,47): warning C4244:             T=float
C:\Users\임성훈\Documents\GitHub\first_1\WINAPI_SH\WINAPI_SH\Object\RectCollider.cpp(79,47): warning C4244:         ]
C:\Users\임성훈\Documents\GitHub\first_1\WINAPI_SH\WINAPI_SH\Object\RectCollider.cpp(79,37): warning C4244: '인수': 'int'에서 'const T'(으)로 변환하면서 데이터가 손실될 수 있습니다.
C:\Users\임성훈\Documents\GitHub\first_1\WINAPI_SH\WINAPI_SH\Object\RectCollider.cpp(79,37): warning C4244:         with
C:\Users\임성훈\Documents\GitHub\first_1\WINAPI_SH\WINAPI_SH\Object\RectCollider.cpp(79,37): warning C4244:         [
C:\Users\임성훈\Documents\GitHub\first_1\WINAPI_SH\WINAPI_SH\Object\RectCollider.cpp(79,37): warning C4244:             T=float
C:\Users\임성훈\Documents\GitHub\first_1\WINAPI_SH\WINAPI_SH\Object\RectCollider.cpp(79,37): warning C4244:         ]
C:\Users\임성훈\Documents\GitHub\first_1\WINAPI_SH\WINAPI_SH\Object\RectCollider.cpp(80,49): warning C4244: '인수': 'int'에서 'const T'(으)로 변환하면서 데이터가 손실될 수 있습니다.
C:\Users\임성훈\Documents\GitHub\first_1\WINAPI_SH\WINAPI_SH\Object\RectCollider.cpp(80,49): warning C4244:         with
C:\Users\임성훈\Documents\GitHub\first_1\WINAPI_SH\WINAPI_SH\Object\RectCollider.cpp(80,49): warning C4244:         [
C:\Users\임성훈\Documents\GitHub\first_1\WINAPI_SH\WINAPI_SH\Object\RectCollider.cpp(80,49): warning C4244:             T=float
C:\Users\임성훈\Documents\GitHub\first_1\WINAPI_SH\WINAPI_SH\Object\RectCollider.cpp(80,49): warning C4244:         ]
C:\Users\임성훈\Documents\GitHub\first_1\WINAPI_SH\WINAPI_SH\Object\RectCollider.cpp(80,39): warning C4244: '인수': 'int'에서 'const T'(으)로 변환하면서 데이터가 손실될 수 있습니다.
C:\Users\임성훈\Documents\GitHub\first_1\WINAPI_SH\WINAPI_SH\Object\RectCollider.cpp(80,39): warning C4244:         with
C:\Users\임성훈\Documents\GitHub\first_1\WINAPI_SH\WINAPI_SH\Object\RectCollider.cpp(80,39): warning C4244:         [
C:\Users\임성훈\Documents\GitHub\first_1\WINAPI_SH\WINAPI_SH\Object\RectCollider.cpp(80,39): warning C4244:             T=float
C:\Users\임성훈\Documents\GitHub\first_1\WINAPI_SH\WINAPI_SH\Object\RectCollider.cpp(80,39): warning C4244:         ]
  WINAPI_SH.vcxproj -> C:\Users\임성훈\Documents\GitHub\first_1\WINAPI_SH\x64\Debug\WINAPI_SH.exe
